<?xml version="1.0" encoding="UTF-8"?>
<testng-results skipped="4" failed="0" total="4" passed="0">
  <reporter-output>
  </reporter-output>
  <suite name="Failed suite [Default suite]" duration-ms="7619" started-at="2020-07-28T08:40:25Z" finished-at="2020-07-28T08:40:32Z">
    <groups>
    </groups>
    <test name="Default test(failed)" duration-ms="7619" started-at="2020-07-28T08:40:25Z" finished-at="2020-07-28T08:40:32Z">
      <class name="com.hybrid.Testcase.TC_DataDrivenTest_02">
        <test-method status="FAIL" signature="launchBrowser()[pri:0, instance:com.hybrid.Testcase.TC_DataDrivenTest_02@2b98378d]" name="launchBrowser" is-config="true" duration-ms="0" started-at="2020-07-28T14:10:27Z" finished-at="2020-07-28T14:10:27Z">
          <exception class="org.openqa.selenium.SessionNotCreatedException">
            <message>
              <![CDATA[session not created: This version of ChromeDriver only supports Chrome version 79
Build info: version: '3.6.0', revision: '6fbf3ec767', time: '2017-09-27T15:28:36.4Z'
System info: host: 'GAURAV-PC', ip: '127.0.0.1', os.name: 'Windows 8', os.arch: 'amd64', os.version: '6.2', java.version: '1.8.0_221'
Driver info: driver.version: ChromeDriver
remote stacktrace: Backtrace:
	Ordinal0 [0x00FFA113+1548563]
	Ordinal0 [0x00F7DDA1+1039777]
	Ordinal0 [0x00EFE485+517253]
	Ordinal0 [0x00E8FD34+64820]
	Ordinal0 [0x00E8C61E+50718]
	Ordinal0 [0x00EAB797+178071]
	Ordinal0 [0x00EAB59D+177565]
	Ordinal0 [0x00EA95FB+169467]
	Ordinal0 [0x00E9160A+71178]
	Ordinal0 [0x00E92690+75408]
	Ordinal0 [0x00E92629+75305]
	Ordinal0 [0x00F971B7+1143223]
	GetHandleVerifier [0x01092B46+507814]
	GetHandleVerifier [0x01092864+507076]
	GetHandleVerifier [0x01099F47+537511]
	GetHandleVerifier [0x01093402+510050]
	Ordinal0 [0x00F8F29C+1110684]
	Ordinal0 [0x00F9938B+1151883]
	Ordinal0 [0x00F994F3+1152243]
	Ordinal0 [0x00F983F5+1147893]
	BaseThreadInitThunk [0x7700850D+14]
	RtlInitializeExceptionChain [0x776ABF39+133]
	RtlInitializeExceptionChain [0x776ABF0C+88]
]]>
            </message>
            <full-stacktrace>
              <![CDATA[org.openqa.selenium.SessionNotCreatedException: session not created: This version of ChromeDriver only supports Chrome version 79
Build info: version: '3.6.0', revision: '6fbf3ec767', time: '2017-09-27T15:28:36.4Z'
System info: host: 'GAURAV-PC', ip: '127.0.0.1', os.name: 'Windows 8', os.arch: 'amd64', os.version: '6.2', java.version: '1.8.0_221'
Driver info: driver.version: ChromeDriver
remote stacktrace: Backtrace:
	Ordinal0 [0x00FFA113+1548563]
	Ordinal0 [0x00F7DDA1+1039777]
	Ordinal0 [0x00EFE485+517253]
	Ordinal0 [0x00E8FD34+64820]
	Ordinal0 [0x00E8C61E+50718]
	Ordinal0 [0x00EAB797+178071]
	Ordinal0 [0x00EAB59D+177565]
	Ordinal0 [0x00EA95FB+169467]
	Ordinal0 [0x00E9160A+71178]
	Ordinal0 [0x00E92690+75408]
	Ordinal0 [0x00E92629+75305]
	Ordinal0 [0x00F971B7+1143223]
	GetHandleVerifier [0x01092B46+507814]
	GetHandleVerifier [0x01092864+507076]
	GetHandleVerifier [0x01099F47+537511]
	GetHandleVerifier [0x01093402+510050]
	Ordinal0 [0x00F8F29C+1110684]
	Ordinal0 [0x00F9938B+1151883]
	Ordinal0 [0x00F994F3+1152243]
	Ordinal0 [0x00F983F5+1147893]
	BaseThreadInitThunk [0x7700850D+14]
	RtlInitializeExceptionChain [0x776ABF39+133]
	RtlInitializeExceptionChain [0x776ABF0C+88]

	at sun.reflect.NativeConstructorAccessorImpl.newInstance0(Native Method)
	at sun.reflect.NativeConstructorAccessorImpl.newInstance(Unknown Source)
	at sun.reflect.DelegatingConstructorAccessorImpl.newInstance(Unknown Source)
	at java.lang.reflect.Constructor.newInstance(Unknown Source)
	at org.openqa.selenium.remote.W3CHandshakeResponse.lambda$new$0(W3CHandshakeResponse.java:57)
	at org.openqa.selenium.remote.W3CHandshakeResponse.lambda$getResponseFunction$2(W3CHandshakeResponse.java:104)
	at org.openqa.selenium.remote.ProtocolHandshake.lambda$createSession$24(ProtocolHandshake.java:359)
	at java.util.stream.ReferencePipeline$3$1.accept(Unknown Source)
	at java.util.Spliterators$ArraySpliterator.tryAdvance(Unknown Source)
	at java.util.stream.ReferencePipeline.forEachWithCancel(Unknown Source)
	at java.util.stream.AbstractPipeline.copyIntoWithCancel(Unknown Source)
	at java.util.stream.AbstractPipeline.copyInto(Unknown Source)
	at java.util.stream.AbstractPipeline.wrapAndCopyInto(Unknown Source)
	at java.util.stream.FindOps$FindOp.evaluateSequential(Unknown Source)
	at java.util.stream.AbstractPipeline.evaluate(Unknown Source)
	at java.util.stream.ReferencePipeline.findFirst(Unknown Source)
	at org.openqa.selenium.remote.ProtocolHandshake.createSession(ProtocolHandshake.java:362)
	at org.openqa.selenium.remote.ProtocolHandshake.createSession(ProtocolHandshake.java:136)
	at org.openqa.selenium.remote.HttpCommandExecutor.execute(HttpCommandExecutor.java:142)
	at org.openqa.selenium.remote.service.DriverCommandExecutor.execute(DriverCommandExecutor.java:83)
	at org.openqa.selenium.remote.RemoteWebDriver.execute(RemoteWebDriver.java:586)
	at org.openqa.selenium.remote.RemoteWebDriver.startSession(RemoteWebDriver.java:217)
	at org.openqa.selenium.remote.RemoteWebDriver.<init>(RemoteWebDriver.java:140)
	at org.openqa.selenium.chrome.ChromeDriver.<init>(ChromeDriver.java:181)
	at org.openqa.selenium.chrome.ChromeDriver.<init>(ChromeDriver.java:168)
	at org.openqa.selenium.chrome.ChromeDriver.<init>(ChromeDriver.java:123)
	at keywords.keyword.openBrowser(keyword.java:38)
	at com.hybrid.Testcase.Base.launchBrowser(Base.java:27)
	at sun.reflect.NativeMethodAccessorImpl.invoke0(Native Method)
	at sun.reflect.NativeMethodAccessorImpl.invoke(Unknown Source)
	at sun.reflect.DelegatingMethodAccessorImpl.invoke(Unknown Source)
	at java.lang.reflect.Method.invoke(Unknown Source)
	at org.testng.internal.MethodInvocationHelper.invokeMethod(MethodInvocationHelper.java:84)
	at org.testng.internal.Invoker.invokeConfigurationMethod(Invoker.java:564)
	at org.testng.internal.Invoker.invokeConfigurations(Invoker.java:213)
	at org.testng.internal.Invoker.invokeMethod(Invoker.java:653)
	at org.testng.internal.Invoker.invokeTestMethod(Invoker.java:901)
	at org.testng.internal.Invoker.invokeTestMethods(Invoker.java:1231)
	at org.testng.internal.TestMethodWorker.invokeTestMethods(TestMethodWorker.java:127)
	at org.testng.internal.TestMethodWorker.run(TestMethodWorker.java:111)
	at org.testng.TestRunner.privateRun(TestRunner.java:767)
	at org.testng.TestRunner.run(TestRunner.java:617)
	at org.testng.SuiteRunner.runTest(SuiteRunner.java:348)
	at org.testng.SuiteRunner.runSequentially(SuiteRunner.java:343)
	at org.testng.SuiteRunner.privateRun(SuiteRunner.java:305)
	at org.testng.SuiteRunner.run(SuiteRunner.java:254)
	at org.testng.SuiteRunnerWorker.runSuite(SuiteRunnerWorker.java:52)
	at org.testng.SuiteRunnerWorker.run(SuiteRunnerWorker.java:86)
	at org.testng.TestNG.runSuitesSequentially(TestNG.java:1224)
	at org.testng.TestNG.runSuitesLocally(TestNG.java:1149)
	at org.testng.TestNG.run(TestNG.java:1057)
	at org.testng.remote.AbstractRemoteTestNG.run(AbstractRemoteTestNG.java:132)
	at org.testng.remote.RemoteTestNG.initAndRun(RemoteTestNG.java:236)
	at org.testng.remote.RemoteTestNG.main(RemoteTestNG.java:81)
]]>
            </full-stacktrace>
          </exception> <!-- org.openqa.selenium.SessionNotCreatedException -->
          <reporter-output>
          </reporter-output>
        </test-method> <!-- launchBrowser -->
        <test-method status="SKIP" signature="verifyLogin(java.lang.String, java.lang.String)[pri:0, instance:com.hybrid.Testcase.TC_DataDrivenTest_02@2b98378d]" name="verifyLogin" duration-ms="17" started-at="2020-07-28T14:10:32Z" data-provider="LoginData" finished-at="2020-07-28T14:10:32Z">
          <params>
            <param index="0">
              <value>
                <![CDATA[mngr251245]]>
              </value>
            </param>
            <param index="1">
              <value>
                <![CDATA[buhudYb]]>
              </value>
            </param>
          </params>
          <reporter-output>
          </reporter-output>
        </test-method> <!-- verifyLogin -->
        <test-method status="SKIP" signature="quitBrowser()[pri:0, instance:com.hybrid.Testcase.TC_DataDrivenTest_02@2b98378d]" name="quitBrowser" is-config="true" duration-ms="0" started-at="2020-07-28T14:10:32Z" finished-at="2020-07-28T14:10:32Z">
          <reporter-output>
          </reporter-output>
        </test-method> <!-- quitBrowser -->
        <test-method status="SKIP" signature="launchBrowser()[pri:0, instance:com.hybrid.Testcase.TC_DataDrivenTest_02@2b98378d]" name="launchBrowser" is-config="true" duration-ms="0" started-at="2020-07-28T14:10:32Z" finished-at="2020-07-28T14:10:32Z">
          <reporter-output>
          </reporter-output>
        </test-method> <!-- launchBrowser -->
        <test-method status="SKIP" signature="verifyLogin(java.lang.String, java.lang.String)[pri:0, instance:com.hybrid.Testcase.TC_DataDrivenTest_02@2b98378d]" name="verifyLogin" duration-ms="8" started-at="2020-07-28T14:10:32Z" data-provider="LoginData" finished-at="2020-07-28T14:10:32Z">
          <params>
            <param index="0">
              <value>
                <![CDATA[mngr244545]]>
              </value>
            </param>
            <param index="1">
              <value>
                <![CDATA[gYsyhek]]>
              </value>
            </param>
          </params>
          <reporter-output>
          </reporter-output>
        </test-method> <!-- verifyLogin -->
        <test-method status="SKIP" signature="quitBrowser()[pri:0, instance:com.hybrid.Testcase.TC_DataDrivenTest_02@2b98378d]" name="quitBrowser" is-config="true" duration-ms="0" started-at="2020-07-28T14:10:32Z" finished-at="2020-07-28T14:10:32Z">
          <reporter-output>
          </reporter-output>
        </test-method> <!-- quitBrowser -->
        <test-method status="SKIP" signature="launchBrowser()[pri:0, instance:com.hybrid.Testcase.TC_DataDrivenTest_02@2b98378d]" name="launchBrowser" is-config="true" duration-ms="0" started-at="2020-07-28T14:10:32Z" finished-at="2020-07-28T14:10:32Z">
          <reporter-output>
          </reporter-output>
        </test-method> <!-- launchBrowser -->
        <test-method status="SKIP" signature="verifyLogin(java.lang.String, java.lang.String)[pri:0, instance:com.hybrid.Testcase.TC_DataDrivenTest_02@2b98378d]" name="verifyLogin" duration-ms="4" started-at="2020-07-28T14:10:32Z" data-provider="LoginData" finished-at="2020-07-28T14:10:32Z">
          <params>
            <param index="0">
              <value>
                <![CDATA[mngr251245]]>
              </value>
            </param>
            <param index="1">
              <value>
                <![CDATA[buhudYb]]>
              </value>
            </param>
          </params>
          <reporter-output>
          </reporter-output>
        </test-method> <!-- verifyLogin -->
        <test-method status="SKIP" signature="quitBrowser()[pri:0, instance:com.hybrid.Testcase.TC_DataDrivenTest_02@2b98378d]" name="quitBrowser" is-config="true" duration-ms="0" started-at="2020-07-28T14:10:32Z" finished-at="2020-07-28T14:10:32Z">
          <reporter-output>
          </reporter-output>
        </test-method> <!-- quitBrowser -->
        <test-method status="SKIP" signature="launchBrowser()[pri:0, instance:com.hybrid.Testcase.TC_DataDrivenTest_02@2b98378d]" name="launchBrowser" is-config="true" duration-ms="0" started-at="2020-07-28T14:10:32Z" finished-at="2020-07-28T14:10:32Z">
          <reporter-output>
          </reporter-output>
        </test-method> <!-- launchBrowser -->
        <test-method status="SKIP" signature="verifyLogin(java.lang.String, java.lang.String)[pri:0, instance:com.hybrid.Testcase.TC_DataDrivenTest_02@2b98378d]" name="verifyLogin" duration-ms="3" started-at="2020-07-28T14:10:32Z" data-provider="LoginData" finished-at="2020-07-28T14:10:32Z">
          <params>
            <param index="0">
              <value>
                <![CDATA[mngr244549]]>
              </value>
            </param>
            <param index="1">
              <value>
                <![CDATA[gYsyhee]]>
              </value>
            </param>
          </params>
          <reporter-output>
          </reporter-output>
        </test-method> <!-- verifyLogin -->
        <test-method status="SKIP" signature="quitBrowser()[pri:0, instance:com.hybrid.Testcase.TC_DataDrivenTest_02@2b98378d]" name="quitBrowser" is-config="true" duration-ms="0" started-at="2020-07-28T14:10:32Z" finished-at="2020-07-28T14:10:32Z">
          <reporter-output>
          </reporter-output>
        </test-method> <!-- quitBrowser -->
      </class> <!-- com.hybrid.Testcase.TC_DataDrivenTest_02 -->
    </test> <!-- Default test(failed) -->
  </suite> <!-- Failed suite [Default suite] -->
</testng-results>
